19:08:13.536 [main                     ] DEBUG GameApplication      - Logger initialized
19:08:13.551 [main                     ] DEBUG GameApplication      - Logging settings
Title: FXGL Geometry Wars
Version: 1.1.0
Width: 1280
Height: 720
Fullscreen: false
Intro: false
Profiling: false
Single step:false
App Mode: DEVELOPER
Menu Key: ESCAPE
Stage Style: DECORATED
Scene Factory: class com.almasb.fxgl.app.scene.SceneFactory

19:08:13.875 [JavaFX Application Thread] DEBUG GameApplication      - Initializing FXGL
19:08:13.882 [JavaFX Application Thread] INFO  Engine               - FXGL-11.9 (27.05.2020 17.06) on WINDOWS (J:11.0.7 FX:13.0.2)
19:08:13.882 [JavaFX Application Thread] DEBUG Engine               - JRE Vendor Name: Oracle Corporation
19:08:13.882 [JavaFX Application Thread] DEBUG Engine               - Running on OS: Windows 10 version 10.0
19:08:13.882 [JavaFX Application Thread] DEBUG Engine               - Architecture: amd64
19:08:13.882 [JavaFX Application Thread] INFO  Engine               - Source code and latest versions at: https://github.com/AlmasB/FXGL
19:08:13.883 [JavaFX Application Thread] INFO  Engine               -              Join the FXGL chat at: https://gitter.im/AlmasB/FXGL
19:08:13.974 [JavaFX Application Thread] DEBUG MainWindow           - Creating a JavaFX scene
19:08:14.028 [JavaFX Application Thread] DEBUG MainWindow           - Target settings size: 1280.0 x 720.0
19:08:14.029 [JavaFX Application Thread] DEBUG MainWindow           - Scaled scene size:    1280.0 x 720.0
19:08:14.029 [JavaFX Application Thread] DEBUG MainWindow           - Scaled ratio: (1.0, 1.0)
19:08:14.030 [JavaFX Application Thread] DEBUG MainWindow           - Set initial scene to FXGLStartupScene
19:08:14.035 [JavaFX Application Thread] DEBUG MainWindow           - Opening main window
19:08:14.116 [JavaFX Application Thread] DEBUG MainWindow           - Window border size: (16.0, 39.0)
19:08:14.116 [JavaFX Application Thread] DEBUG MainWindow           - Scaled size: 1280.0 x 720.0
19:08:14.116 [JavaFX Application Thread] DEBUG MainWindow           - Scaled ratio: (1.0, 1.0)
19:08:14.116 [JavaFX Application Thread] DEBUG MainWindow           - Scene size: 1280.0 x 720.0
19:08:14.116 [JavaFX Application Thread] DEBUG MainWindow           - Stage size: 1296.0 x 759.0
19:08:14.125 [FXGL Background Thread 1 ] DEBUG Engine               - Initializing environment variables
19:08:14.152 [FXGL Background Thread 1 ] DEBUG WindowService        - Applying CSS: fxgl_dark.css
19:08:14.153 [FXGL Background Thread 1 ] DEBUG AssetLoaderService   - Loading from file system: /assets/ui/css/fxgl_dark.css
19:08:14.210 [FXGL Background Thread 1 ] DEBUG WindowService        - Initializing application scenes
19:08:14.253 [FXGL Background Thread 1 ] DEBUG GameWorld            - Game world initialized
19:08:14.302 [FXGL Background Thread 1 ] DEBUG PhysicsWorld         - Physics world initialized: appHeight=720, physics.ppm=50.0
19:08:14.303 [FXGL Background Thread 1 ] DEBUG GameScene            - Game scene initialized: 1280x720
19:08:14.331 [FXGL Background Thread 1 ] DEBUG AssetLoaderService   - Loading from file system: /assets/textures/particles/trace_horizontal.png
19:08:14.383 [FXGL Background Thread 1 ] DEBUG FXGL.DefaultMenu     - createMenuBodyGameMenu()
19:08:14.396 [FXGL Background Thread 1 ] DEBUG FXGL.DefaultMenu     - createOptionsMenu()
19:08:14.399 [FXGL Background Thread 1 ] DEBUG AssetLoaderService   - Loading from file system: /assets/textures/particles/smoke.png
19:08:14.449 [FXGL Background Thread 1 ] DEBUG WindowService        - Application scenes initialized
19:08:14.463 [FXGL Background Thread 1 ] DEBUG SystemBundleService  - Loading FXGL system data
19:08:14.467 [FXGL Background Thread 1 ] DEBUG FileSystemAccess     - Reading from: D:\CodeGym\Module02\casestudy2\system\fxgl.bundle
19:08:14.473 [FXGL Background Thread 1 ] DEBUG SystemBundleService  - Bundle FXGL: {}
19:08:14.473 [FXGL Background Thread 1 ] INFO  Engine               - FXGL initialization took: 0.347 sec
19:08:14.475 [FXGL Background Thread 1 ] DEBUG GameApplication      - Loading localizations
19:08:14.476 [FXGL Background Thread 1 ] DEBUG AssetLoaderService   - Loading from file system: /assets/languages/english.lang
19:08:14.488 [FXGL Background Thread 1 ] DEBUG AssetLoaderService   - Loading from file system: /assets/languages/french.lang
19:08:14.490 [FXGL Background Thread 1 ] DEBUG AssetLoaderService   - Loading from file system: /assets/languages/german.lang
19:08:14.492 [FXGL Background Thread 1 ] DEBUG AssetLoaderService   - Loading from file system: /assets/languages/hungarian.lang
19:08:14.495 [FXGL Background Thread 1 ] DEBUG AssetLoaderService   - Loading from file system: /assets/languages/russian.lang
19:08:14.497 [FXGL Background Thread 1 ] DEBUG GameApplication      - Registering font factories with UI factory
19:08:14.497 [FXGL Background Thread 1 ] DEBUG AssetLoaderService   - Loading from file system: /assets/ui/fonts/game_font_7.ttf
19:08:14.703 [FXGL Background Thread 1 ] DEBUG AssetLoaderService   - Loading from file system: /assets/ui/fonts/Abel-Regular.ttf
19:08:14.706 [FXGL Background Thread 1 ] DEBUG AssetLoaderService   - Loading from file system: /assets/ui/fonts/lucida_console.ttf
19:08:14.709 [FXGL Background Thread 1 ] DEBUG AssetLoaderService   - Loading from file system: /assets/ui/fonts/Courier-Prime.ttf
19:08:14.721 [JavaFX Application Thread] DEBUG Input                - Registered new binding: action0 - W
19:08:14.721 [JavaFX Application Thread] DEBUG Input                - Registered new binding: action1 - A
19:08:14.721 [JavaFX Application Thread] DEBUG Input                - Registered new binding: action2 - S
19:08:14.722 [JavaFX Application Thread] DEBUG Input                - Registered new binding: action3 - D
19:08:14.723 [JavaFX Application Thread] DEBUG Input                - Registered new binding: action4 - LMB
19:08:14.723 [JavaFX Application Thread] DEBUG AssetLoaderService   - Loading from file system: /assets/textures/explosion.png
19:08:14.891 [JavaFX Application Thread] DEBUG AssetLoaderService   - Loading from file system: /assets/music/bgm.mp3
19:08:15.000 [JavaFX Application Thread] DEBUG AudioPlayer          - Playing music com.almasb.fxgl.audio.Music@7998335d
19:08:15.000 [JavaFX Application Thread] DEBUG AssetLoaderService   - Loading from file system: /assets/textures/fxgl_icon.png
19:08:15.009 [JavaFX Application Thread] DEBUG AssetLoaderService   - Loading from file system: /assets/ui/cursors/fxgl_default.png
19:08:15.011 [JavaFX Application Thread] DEBUG Input                - Registered new binding: Screenshot - P
19:08:15.011 [JavaFX Application Thread] DEBUG Input                - Registered new binding: System info dump - CTRL+9
19:08:15.011 [JavaFX Application Thread] DEBUG Input                - Registered new binding: Restart - CTRL+R
19:08:15.012 [JavaFX Application Thread] DEBUG LoopRunner           - Starting loop
19:08:15.020 [JavaFX Application Thread] DEBUG FXGLStartupScene     - STARTUP
19:08:15.020 [JavaFX Application Thread] DEBUG WindowService        - Starting new game
19:08:15.021 [JavaFX Application Thread] DEBUG Input                - Clearing active input actions
19:08:15.030 [JavaFX Application Thread] DEBUG WindowService        - Removing overlay from FXGLStartupScene and adding to FXGLLoadingScene
19:08:15.031 [JavaFX Application Thread] DEBUG MainWindow           - FXGLStartupScene -> FXGLLoadingScene
19:08:15.031 [JavaFX Application Thread] DEBUG WindowService        - Clearing previous game
19:08:15.031 [JavaFX Application Thread] DEBUG GameScene            - Clearing game scene
19:08:15.031 [JavaFX Application Thread] DEBUG GameWorld            - Clearing game world
19:08:15.031 [JavaFX Application Thread] DEBUG PhysicsWorld         - Clearing physics world
19:08:15.032 [FXGL Background Thread 1 ] DEBUG GameApplication      - Initializing game
19:08:15.051 [FXGL Background Thread 1 ] DEBUG AssetLoaderService   - Loading from file system: /assets/textures/Player.png
19:08:15.059 [FXGL Background Thread 1 ] DEBUG AssetLoaderService   - Loading from file system: /assets/textures/particles/spark_04.png
19:08:15.087 [FXGL Background Thread 1 ] INFO  GameApplication      - Game initialization took: 0.055 sec
19:08:15.105 [JavaFX Application Thread] DEBUG Input                - Clearing active input actions
19:08:15.112 [JavaFX Application Thread] DEBUG WindowService        - Removing overlay from FXGLLoadingScene and adding to GameScene
19:08:15.112 [JavaFX Application Thread] DEBUG MainWindow           - FXGLLoadingScene -> GameScene
19:08:16.648 [JavaFX Application Thread] DEBUG AssetLoaderService   - Loading from file system: /assets/textures/RedWanderer.png
19:08:16.658 [JavaFX Application Thread] DEBUG AssetLoaderService   - Loading from file system: /assets/textures/wanderer_overlay.png
19:08:17.476 [FXGL Background Thread 2 ] DEBUG Engine               - Logging environment variables
19:08:17.476 [FXGL Background Thread 2 ] DEBUG Engine               - achievements: []
19:08:17.476 [FXGL Background Thread 2 ] DEBUG Engine               - appIcon: fxgl_icon.png
19:08:17.476 [FXGL Background Thread 2 ] DEBUG Engine               - applicationMode: DEVELOPER
19:08:17.477 [FXGL Background Thread 2 ] DEBUG Engine               - cSSList: [fxgl_dark.css]
19:08:17.477 [FXGL Background Thread 2 ] DEBUG Engine               - configClass: Optional[class geowars.GeoWarsConfig]
19:08:17.477 [FXGL Background Thread 2 ] DEBUG Engine               - credits: []
19:08:17.477 [FXGL Background Thread 2 ] DEBUG Engine               - devBBoxColorProperty: ObjectProperty [value: 0xff0000ff]
19:08:17.477 [FXGL Background Thread 2 ] DEBUG Engine               - devSensorColorProperty: ObjectProperty [value: 0xffff00ff]
19:08:17.477 [FXGL Background Thread 2 ] DEBUG Engine               - devShowBBoxProperty: BooleanProperty [value: false]
19:08:17.477 [FXGL Background Thread 2 ] DEBUG Engine               - devShowPositionProperty: BooleanProperty [value: false]
19:08:17.477 [FXGL Background Thread 2 ] DEBUG Engine               - enabledMenuItems: []
19:08:17.477 [FXGL Background Thread 2 ] DEBUG Engine               - engineServices: [class com.almasb.fxgl.app.GameApplication$GameApplicationService, class com.almasb.fxgl.app.services.WindowService, class com.almasb.fxgl.app.services.FXGLDialogService, class com.almasb.fxgl.app.services.IOTaskExecutorService, class com.almasb.fxgl.event.EventBusService, class com.almasb.fxgl.io.FileSystemService, class com.almasb.fxgl.localization.LocalizationService, class com.almasb.fxgl.app.services.AssetLoaderService, class com.almasb.fxgl.app.services.SystemBundleService, class com.almasb.fxgl.profile.SaveLoadService, class com.almasb.fxgl.ui.FXGLUIFactoryServiceProvider, class com.almasb.fxgl.ui.FXGLDialogFactoryServiceProvider, class com.almasb.fxgl.audio.AudioPlayer, class com.almasb.fxgl.notification.impl.NotificationServiceProvider, class com.almasb.fxgl.achievement.AchievementService, class com.almasb.fxgl.cutscene.CutsceneService, class com.almasb.fxgl.minigames.MiniGameService, class com.almasb.fxgl.net.NetService, class com.almasb.fxgl.app.services.UpdaterService, class com.almasb.fxgl.dev.DevService]
19:08:17.477 [FXGL Background Thread 2 ] DEBUG Engine               - fontGame: Abel-Regular.ttf
19:08:17.477 [FXGL Background Thread 2 ] DEBUG Engine               - fontMono: lucida_console.ttf
19:08:17.477 [FXGL Background Thread 2 ] DEBUG Engine               - fontText: Courier-Prime.ttf
19:08:17.477 [FXGL Background Thread 2 ] DEBUG Engine               - fontUI: game_font_7.ttf
19:08:17.477 [FXGL Background Thread 2 ] DEBUG Engine               - fullScreen: BooleanProperty [value: false]
19:08:17.477 [FXGL Background Thread 2 ] DEBUG Engine               - gameDifficulty: MEDIUM
19:08:17.477 [FXGL Background Thread 2 ] DEBUG Engine               - gameDifficultyProperty: ObjectProperty [value: MEDIUM]
19:08:17.478 [FXGL Background Thread 2 ] DEBUG Engine               - globalMusicVolume: 0.5
19:08:17.478 [FXGL Background Thread 2 ] DEBUG Engine               - globalMusicVolumeProperty: DoubleProperty [value: 0.2]
19:08:17.478 [FXGL Background Thread 2 ] DEBUG Engine               - globalSoundVolume: 0.5
19:08:17.478 [FXGL Background Thread 2 ] DEBUG Engine               - globalSoundVolumeProperty: DoubleProperty [value: 0.2]
19:08:17.478 [FXGL Background Thread 2 ] DEBUG Engine               - height: 720
19:08:17.478 [FXGL Background Thread 2 ] DEBUG Engine               - isAndroid: false
19:08:17.478 [FXGL Background Thread 2 ] DEBUG Engine               - isBrowser: false
19:08:17.478 [FXGL Background Thread 2 ] DEBUG Engine               - isClickFeedbackEnabled: false
19:08:17.478 [FXGL Background Thread 2 ] DEBUG Engine               - isCloseConfirmation: false
19:08:17.478 [FXGL Background Thread 2 ] DEBUG Engine               - isDesktop: true
19:08:17.478 [FXGL Background Thread 2 ] DEBUG Engine               - isDeveloperMenuEnabled: false
19:08:17.478 [FXGL Background Thread 2 ] DEBUG Engine               - isExperimentalNative: false
19:08:17.478 [FXGL Background Thread 2 ] DEBUG Engine               - isExperimentalTiledLargeMap: false
19:08:17.478 [FXGL Background Thread 2 ] DEBUG Engine               - isFullScreenAllowed: false
19:08:17.478 [FXGL Background Thread 2 ] DEBUG Engine               - isFullScreenFromStart: false
19:08:17.478 [FXGL Background Thread 2 ] DEBUG Engine               - isGameMenuEnabled: true
19:08:17.478 [FXGL Background Thread 2 ] DEBUG Engine               - isIOS: false
19:08:17.478 [FXGL Background Thread 2 ] DEBUG Engine               - isIntroEnabled: false
19:08:17.478 [FXGL Background Thread 2 ] DEBUG Engine               - isLinux: false
19:08:17.478 [FXGL Background Thread 2 ] DEBUG Engine               - isMac: false
19:08:17.479 [FXGL Background Thread 2 ] DEBUG Engine               - isMainMenuEnabled: false
19:08:17.479 [FXGL Background Thread 2 ] DEBUG Engine               - isManualResizeEnabled: true
19:08:17.479 [FXGL Background Thread 2 ] DEBUG Engine               - isMobile: false
19:08:17.479 [FXGL Background Thread 2 ] DEBUG Engine               - isPreserveResizeRatio: false
19:08:17.479 [FXGL Background Thread 2 ] DEBUG Engine               - isProfilingEnabled: false
19:08:17.479 [FXGL Background Thread 2 ] DEBUG Engine               - isSingleStep: false
19:08:17.479 [FXGL Background Thread 2 ] DEBUG Engine               - isUserProfileEnabled: false
19:08:17.479 [FXGL Background Thread 2 ] DEBUG Engine               - isWindows: true
19:08:17.479 [FXGL Background Thread 2 ] DEBUG Engine               - language: ObjectProperty [value: ENGLISH]
19:08:17.479 [FXGL Background Thread 2 ] DEBUG Engine               - mainWindow: com.almasb.fxgl.app.MainWindow@623735d0
19:08:17.479 [FXGL Background Thread 2 ] DEBUG Engine               - menuKey: ESCAPE
19:08:17.479 [FXGL Background Thread 2 ] DEBUG Engine               - notificationViewClass: class com.almasb.fxgl.notification.view.XboxNotificationView
19:08:17.479 [FXGL Background Thread 2 ] DEBUG Engine               - pixelsPerMeter: 50.0
19:08:17.479 [FXGL Background Thread 2 ] DEBUG Engine               - platform: WINDOWS
19:08:17.479 [FXGL Background Thread 2 ] DEBUG Engine               - profileDir: profiles/
19:08:17.479 [FXGL Background Thread 2 ] DEBUG Engine               - profileName: StringProperty [value: DEFAULT]
19:08:17.479 [FXGL Background Thread 2 ] DEBUG Engine               - randomSeed: -1
19:08:17.479 [FXGL Background Thread 2 ] DEBUG Engine               - runtimeInfo: RuntimeInfo(platform=WINDOWS, version=11.9, build=27.05.2020 17.06)
19:08:17.479 [FXGL Background Thread 2 ] DEBUG Engine               - saveFileExt: sav
19:08:17.479 [FXGL Background Thread 2 ] DEBUG Engine               - sceneFactory: com.almasb.fxgl.app.scene.SceneFactory@11332d9e
19:08:17.480 [FXGL Background Thread 2 ] DEBUG Engine               - secondsIn24h: 60
19:08:17.480 [FXGL Background Thread 2 ] DEBUG Engine               - settings: Title: FXGL Geometry Wars
Version: 1.1.0
Width: 1280
Height: 720
Fullscreen: false
Intro: false
Profiling: false
Single step:false
App Mode: DEVELOPER
Menu Key: ESCAPE
Stage Style: DECORATED
Scene Factory: class com.almasb.fxgl.app.scene.SceneFactory

19:08:17.480 [FXGL Background Thread 2 ] DEBUG Engine               - soundMenuBack: menu/back.wav
19:08:17.480 [FXGL Background Thread 2 ] DEBUG Engine               - soundMenuPress: menu/press.wav
19:08:17.480 [FXGL Background Thread 2 ] DEBUG Engine               - soundMenuSelect: menu/select.wav
19:08:17.480 [FXGL Background Thread 2 ] DEBUG Engine               - soundNotification: core/notification.wav
19:08:17.480 [FXGL Background Thread 2 ] DEBUG Engine               - stageStyle: DECORATED
19:08:17.480 [FXGL Background Thread 2 ] DEBUG Engine               - supportedLanguages: [ENGLISH, FRENCH, GERMAN, HUNGARIAN, RUSSIAN]
19:08:17.480 [FXGL Background Thread 2 ] DEBUG Engine               - title: FXGL Geometry Wars
19:08:17.480 [FXGL Background Thread 2 ] DEBUG Engine               - urlGithub: https://github.com/AlmasB/FXGL
19:08:17.480 [FXGL Background Thread 2 ] DEBUG Engine               - urlLeaderboard: http://fxgl-top.herokuapp.com/
19:08:17.480 [FXGL Background Thread 2 ] DEBUG Engine               - urlPOM: https://raw.githubusercontent.com/AlmasB/FXGL/master/pom.xml
19:08:17.480 [FXGL Background Thread 2 ] DEBUG Engine               - version: 1.1.0
19:08:17.480 [FXGL Background Thread 2 ] DEBUG Engine               - versionCheckDays: 7
19:08:17.480 [FXGL Background Thread 2 ] DEBUG Engine               - width: 1280
19:08:17.480 [FXGL Background Thread 2 ] DEBUG Engine               - Logging services
19:08:17.480 [FXGL Background Thread 2 ] DEBUG Engine               - class com.almasb.fxgl.app.GameApplication$GameApplicationService
19:08:17.480 [FXGL Background Thread 2 ] DEBUG Engine               - class com.almasb.fxgl.app.services.WindowService
19:08:17.480 [FXGL Background Thread 2 ] DEBUG Engine               - class com.almasb.fxgl.app.services.FXGLDialogService
19:08:17.480 [FXGL Background Thread 2 ] DEBUG Engine               - class com.almasb.fxgl.app.services.IOTaskExecutorService
19:08:17.480 [FXGL Background Thread 2 ] DEBUG Engine               - class com.almasb.fxgl.event.EventBusService
19:08:17.480 [FXGL Background Thread 2 ] DEBUG Engine               - class com.almasb.fxgl.io.FileSystemService
19:08:17.480 [FXGL Background Thread 2 ] DEBUG Engine               - class com.almasb.fxgl.localization.LocalizationService
19:08:17.480 [FXGL Background Thread 2 ] DEBUG Engine               - class com.almasb.fxgl.app.services.AssetLoaderService
19:08:17.481 [FXGL Background Thread 2 ] DEBUG Engine               - class com.almasb.fxgl.app.services.SystemBundleService
19:08:17.481 [FXGL Background Thread 2 ] DEBUG Engine               - class com.almasb.fxgl.profile.SaveLoadService
19:08:17.481 [FXGL Background Thread 2 ] DEBUG Engine               - class com.almasb.fxgl.ui.FXGLUIFactoryServiceProvider
19:08:17.481 [FXGL Background Thread 2 ] DEBUG Engine               - class com.almasb.fxgl.ui.FXGLDialogFactoryServiceProvider
19:08:17.481 [FXGL Background Thread 2 ] DEBUG Engine               - class com.almasb.fxgl.audio.AudioPlayer
19:08:17.481 [FXGL Background Thread 2 ] DEBUG Engine               - class com.almasb.fxgl.notification.impl.NotificationServiceProvider
19:08:17.481 [FXGL Background Thread 2 ] DEBUG Engine               - class com.almasb.fxgl.achievement.AchievementService
19:08:17.481 [FXGL Background Thread 2 ] DEBUG Engine               - class com.almasb.fxgl.cutscene.CutsceneService
19:08:17.481 [FXGL Background Thread 2 ] DEBUG Engine               - class com.almasb.fxgl.minigames.MiniGameService
19:08:17.481 [FXGL Background Thread 2 ] DEBUG Engine               - class com.almasb.fxgl.net.NetService
19:08:17.481 [FXGL Background Thread 2 ] DEBUG Engine               - class com.almasb.fxgl.app.services.UpdaterService
19:08:17.481 [FXGL Background Thread 2 ] DEBUG Engine               - class com.almasb.fxgl.dev.DevService
19:08:18.167 [JavaFX Application Thread] DEBUG AssetLoaderService   - Loading from file system: /assets/textures/Wanderer.png
19:08:18.173 [JavaFX Application Thread] DEBUG AssetLoaderService   - Loading from cache: /assets/textures/wanderer_overlay.png@80.0x80.0
19:08:19.671 [JavaFX Application Thread] DEBUG AssetLoaderService   - Loading from cache: /assets/textures/Wanderer.png@80.0x80.0
19:08:19.673 [JavaFX Application Thread] DEBUG AssetLoaderService   - Loading from cache: /assets/textures/wanderer_overlay.png@80.0x80.0
19:08:21.191 [JavaFX Application Thread] DEBUG AssetLoaderService   - Loading from cache: /assets/textures/Wanderer.png@80.0x80.0
19:08:21.192 [JavaFX Application Thread] DEBUG AssetLoaderService   - Loading from cache: /assets/textures/wanderer_overlay.png@80.0x80.0
19:08:22.711 [JavaFX Application Thread] DEBUG AssetLoaderService   - Loading from cache: /assets/textures/Wanderer.png@80.0x80.0
19:08:22.712 [JavaFX Application Thread] DEBUG AssetLoaderService   - Loading from cache: /assets/textures/wanderer_overlay.png@80.0x80.0
19:08:24.215 [JavaFX Application Thread] DEBUG AssetLoaderService   - Loading from cache: /assets/textures/Wanderer.png@80.0x80.0
19:08:24.216 [JavaFX Application Thread] DEBUG AssetLoaderService   - Loading from cache: /assets/textures/wanderer_overlay.png@80.0x80.0
19:08:25.703 [JavaFX Application Thread] DEBUG AssetLoaderService   - Loading from cache: /assets/textures/RedWanderer.png@80.0x80.0
19:08:25.704 [JavaFX Application Thread] DEBUG AssetLoaderService   - Loading from cache: /assets/textures/wanderer_overlay.png@80.0x80.0
19:08:27.207 [JavaFX Application Thread] DEBUG AssetLoaderService   - Loading from cache: /assets/textures/Wanderer.png@80.0x80.0
19:08:27.208 [JavaFX Application Thread] DEBUG AssetLoaderService   - Loading from cache: /assets/textures/wanderer_overlay.png@80.0x80.0
19:08:28.711 [JavaFX Application Thread] DEBUG AssetLoaderService   - Loading from cache: /assets/textures/RedWanderer.png@80.0x80.0
19:08:28.712 [JavaFX Application Thread] DEBUG AssetLoaderService   - Loading from cache: /assets/textures/wanderer_overlay.png@80.0x80.0
19:08:30.215 [JavaFX Application Thread] DEBUG AssetLoaderService   - Loading from cache: /assets/textures/Wanderer.png@80.0x80.0
19:08:30.216 [JavaFX Application Thread] DEBUG AssetLoaderService   - Loading from cache: /assets/textures/wanderer_overlay.png@80.0x80.0
19:08:31.703 [JavaFX Application Thread] DEBUG AssetLoaderService   - Loading from cache: /assets/textures/Wanderer.png@80.0x80.0
19:08:31.704 [JavaFX Application Thread] DEBUG AssetLoaderService   - Loading from cache: /assets/textures/wanderer_overlay.png@80.0x80.0
19:08:33.223 [JavaFX Application Thread] DEBUG AssetLoaderService   - Loading from cache: /assets/textures/Wanderer.png@80.0x80.0
19:08:33.224 [JavaFX Application Thread] DEBUG AssetLoaderService   - Loading from cache: /assets/textures/wanderer_overlay.png@80.0x80.0
19:08:34.743 [JavaFX Application Thread] DEBUG AssetLoaderService   - Loading from cache: /assets/textures/Wanderer.png@80.0x80.0
19:08:34.744 [JavaFX Application Thread] DEBUG AssetLoaderService   - Loading from cache: /assets/textures/wanderer_overlay.png@80.0x80.0
19:08:36.263 [JavaFX Application Thread] DEBUG AssetLoaderService   - Loading from cache: /assets/textures/RedWanderer.png@80.0x80.0
19:08:36.265 [JavaFX Application Thread] DEBUG AssetLoaderService   - Loading from cache: /assets/textures/wanderer_overlay.png@80.0x80.0
19:08:37.767 [JavaFX Application Thread] DEBUG AssetLoaderService   - Loading from cache: /assets/textures/RedWanderer.png@80.0x80.0
19:08:37.768 [JavaFX Application Thread] DEBUG AssetLoaderService   - Loading from cache: /assets/textures/wanderer_overlay.png@80.0x80.0
19:08:39.287 [JavaFX Application Thread] DEBUG AssetLoaderService   - Loading from cache: /assets/textures/RedWanderer.png@80.0x80.0
19:08:39.288 [JavaFX Application Thread] DEBUG AssetLoaderService   - Loading from cache: /assets/textures/wanderer_overlay.png@80.0x80.0
19:08:40.807 [JavaFX Application Thread] DEBUG AssetLoaderService   - Loading from cache: /assets/textures/Wanderer.png@80.0x80.0
19:08:40.808 [JavaFX Application Thread] DEBUG AssetLoaderService   - Loading from cache: /assets/textures/wanderer_overlay.png@80.0x80.0
19:08:42.327 [JavaFX Application Thread] DEBUG AssetLoaderService   - Loading from cache: /assets/textures/Wanderer.png@80.0x80.0
19:08:42.328 [JavaFX Application Thread] DEBUG AssetLoaderService   - Loading from cache: /assets/textures/wanderer_overlay.png@80.0x80.0
19:08:43.831 [JavaFX Application Thread] DEBUG AssetLoaderService   - Loading from cache: /assets/textures/Wanderer.png@80.0x80.0
19:08:43.832 [JavaFX Application Thread] DEBUG AssetLoaderService   - Loading from cache: /assets/textures/wanderer_overlay.png@80.0x80.0
19:08:45.351 [JavaFX Application Thread] DEBUG AssetLoaderService   - Loading from cache: /assets/textures/Wanderer.png@80.0x80.0
19:08:45.352 [JavaFX Application Thread] DEBUG AssetLoaderService   - Loading from cache: /assets/textures/wanderer_overlay.png@80.0x80.0
19:08:46.871 [JavaFX Application Thread] DEBUG AssetLoaderService   - Loading from cache: /assets/textures/Wanderer.png@80.0x80.0
19:08:46.872 [JavaFX Application Thread] DEBUG AssetLoaderService   - Loading from cache: /assets/textures/wanderer_overlay.png@80.0x80.0
19:08:48.391 [JavaFX Application Thread] DEBUG AssetLoaderService   - Loading from cache: /assets/textures/Wanderer.png@80.0x80.0
19:08:48.392 [JavaFX Application Thread] DEBUG AssetLoaderService   - Loading from cache: /assets/textures/wanderer_overlay.png@80.0x80.0
19:08:49.895 [JavaFX Application Thread] DEBUG AssetLoaderService   - Loading from cache: /assets/textures/RedWanderer.png@80.0x80.0
19:08:49.896 [JavaFX Application Thread] DEBUG AssetLoaderService   - Loading from cache: /assets/textures/wanderer_overlay.png@80.0x80.0
19:08:51.415 [JavaFX Application Thread] DEBUG AssetLoaderService   - Loading from cache: /assets/textures/Wanderer.png@80.0x80.0
19:08:51.416 [JavaFX Application Thread] DEBUG AssetLoaderService   - Loading from cache: /assets/textures/wanderer_overlay.png@80.0x80.0
19:08:52.935 [JavaFX Application Thread] DEBUG AssetLoaderService   - Loading from cache: /assets/textures/RedWanderer.png@80.0x80.0
19:08:52.936 [JavaFX Application Thread] DEBUG AssetLoaderService   - Loading from cache: /assets/textures/wanderer_overlay.png@80.0x80.0
19:08:54.455 [JavaFX Application Thread] DEBUG AssetLoaderService   - Loading from cache: /assets/textures/RedWanderer.png@80.0x80.0
19:08:54.456 [JavaFX Application Thread] DEBUG AssetLoaderService   - Loading from cache: /assets/textures/wanderer_overlay.png@80.0x80.0
19:08:55.959 [JavaFX Application Thread] DEBUG AssetLoaderService   - Loading from cache: /assets/textures/RedWanderer.png@80.0x80.0
19:08:55.960 [JavaFX Application Thread] DEBUG AssetLoaderService   - Loading from cache: /assets/textures/wanderer_overlay.png@80.0x80.0
19:08:57.479 [JavaFX Application Thread] DEBUG AssetLoaderService   - Loading from cache: /assets/textures/RedWanderer.png@80.0x80.0
19:08:57.480 [JavaFX Application Thread] DEBUG AssetLoaderService   - Loading from cache: /assets/textures/wanderer_overlay.png@80.0x80.0
19:08:58.999 [JavaFX Application Thread] DEBUG AssetLoaderService   - Loading from cache: /assets/textures/Wanderer.png@80.0x80.0
19:08:59.000 [JavaFX Application Thread] DEBUG AssetLoaderService   - Loading from cache: /assets/textures/wanderer_overlay.png@80.0x80.0
19:09:00.519 [JavaFX Application Thread] DEBUG AssetLoaderService   - Loading from cache: /assets/textures/Wanderer.png@80.0x80.0
19:09:00.520 [JavaFX Application Thread] DEBUG AssetLoaderService   - Loading from cache: /assets/textures/wanderer_overlay.png@80.0x80.0
19:09:02.024 [JavaFX Application Thread] DEBUG AssetLoaderService   - Loading from cache: /assets/textures/RedWanderer.png@80.0x80.0
19:09:02.025 [JavaFX Application Thread] DEBUG AssetLoaderService   - Loading from cache: /assets/textures/wanderer_overlay.png@80.0x80.0
19:09:03.543 [JavaFX Application Thread] DEBUG AssetLoaderService   - Loading from cache: /assets/textures/Wanderer.png@80.0x80.0
19:09:03.544 [JavaFX Application Thread] DEBUG AssetLoaderService   - Loading from cache: /assets/textures/wanderer_overlay.png@80.0x80.0
19:09:05.063 [JavaFX Application Thread] DEBUG AssetLoaderService   - Loading from cache: /assets/textures/Wanderer.png@80.0x80.0
19:09:05.064 [JavaFX Application Thread] DEBUG AssetLoaderService   - Loading from cache: /assets/textures/wanderer_overlay.png@80.0x80.0
19:09:06.583 [JavaFX Application Thread] DEBUG AssetLoaderService   - Loading from cache: /assets/textures/Wanderer.png@80.0x80.0
19:09:06.584 [JavaFX Application Thread] DEBUG AssetLoaderService   - Loading from cache: /assets/textures/wanderer_overlay.png@80.0x80.0
19:09:08.103 [JavaFX Application Thread] DEBUG AssetLoaderService   - Loading from cache: /assets/textures/Wanderer.png@80.0x80.0
19:09:08.104 [JavaFX Application Thread] DEBUG AssetLoaderService   - Loading from cache: /assets/textures/wanderer_overlay.png@80.0x80.0
19:09:09.607 [JavaFX Application Thread] DEBUG AssetLoaderService   - Loading from cache: /assets/textures/Wanderer.png@80.0x80.0
19:09:09.608 [JavaFX Application Thread] DEBUG AssetLoaderService   - Loading from cache: /assets/textures/wanderer_overlay.png@80.0x80.0
19:09:10.138 [JavaFX Application Thread] DEBUG AssetLoaderService   - Loading from file system: /assets/sounds/shoot6.wav
19:09:10.144 [JavaFX Application Thread] DEBUG AssetLoaderService   - Loading from file system: /assets/textures/Bullet.png
19:09:10.199 [JavaFX Application Thread] DEBUG AssetLoaderService   - Loading from cache: /assets/textures/explosion.png@3840.0x80.0
19:09:10.202 [JavaFX Application Thread] DEBUG AssetLoaderService   - Loading from file system: /assets/textures/particles/circle_05.png
19:09:10.212 [JavaFX Application Thread] DEBUG AssetLoaderService   - Loading from file system: /assets/sounds/explosion-02.wav
19:09:10.215 [JavaFX Application Thread] DEBUG AssetLoaderService   - Loading from file system: /assets/textures/YellowCrystal.png
19:09:11.160 [JavaFX Application Thread] DEBUG AssetLoaderService   - Loading from cache: /assets/textures/Wanderer.png@80.0x80.0
19:09:11.161 [JavaFX Application Thread] DEBUG AssetLoaderService   - Loading from cache: /assets/textures/wanderer_overlay.png@80.0x80.0
19:09:12.279 [JavaFX Application Thread] DEBUG AssetLoaderService   - Loading from file system: /assets/sounds/shoot4.wav
19:09:13.230 [JavaFX Application Thread] DEBUG AssetLoaderService   - Loading from cache: /assets/textures/Bullet.png
19:09:13.272 [JavaFX Application Thread] DEBUG AssetLoaderService   - Loading from cache: /assets/textures/explosion.png@3840.0x80.0
19:09:13.272 [JavaFX Application Thread] DEBUG AssetLoaderService   - Loading from cache: /assets/textures/particles/circle_05.png@32.0x32.0
19:09:13.272 [JavaFX Application Thread] DEBUG AssetLoaderService   - Loading from file system: /assets/sounds/explosion-08.wav
19:09:13.274 [JavaFX Application Thread] DEBUG AssetLoaderService   - Loading from cache: /assets/textures/YellowCrystal.png
19:09:13.463 [JavaFX Application Thread] DEBUG AssetLoaderService   - Loading from cache: /assets/textures/RedWanderer.png@80.0x80.0
19:09:13.464 [JavaFX Application Thread] DEBUG AssetLoaderService   - Loading from cache: /assets/textures/wanderer_overlay.png@80.0x80.0
19:09:14.407 [JavaFX Application Thread] DEBUG AssetLoaderService   - Loading from cache: /assets/textures/Wanderer.png@80.0x80.0
19:09:14.408 [JavaFX Application Thread] DEBUG AssetLoaderService   - Loading from cache: /assets/textures/wanderer_overlay.png@80.0x80.0
19:09:14.903 [JavaFX Application Thread] DEBUG AssetLoaderService   - Loading from file system: /assets/sounds/shoot2.wav
19:09:14.905 [JavaFX Application Thread] DEBUG AssetLoaderService   - Loading from cache: /assets/textures/Bullet.png
19:09:14.905 [JavaFX Application Thread] DEBUG AssetLoaderService   - Loading from cache: /assets/sounds/shoot4.wav
19:09:14.906 [JavaFX Application Thread] DEBUG AssetLoaderService   - Loading from cache: /assets/textures/Bullet.png
19:09:15.353 [JavaFX Application Thread] DEBUG AssetLoaderService   - Loading from cache: /assets/textures/explosion.png@3840.0x80.0
19:09:15.353 [JavaFX Application Thread] DEBUG AssetLoaderService   - Loading from cache: /assets/textures/particles/circle_05.png@32.0x32.0
19:09:15.353 [JavaFX Application Thread] DEBUG AssetLoaderService   - Loading from cache: /assets/sounds/explosion-08.wav
19:09:15.353 [JavaFX Application Thread] DEBUG AssetLoaderService   - Loading from cache: /assets/textures/YellowCrystal.png
19:09:15.640 [JavaFX Application Thread] DEBUG AssetLoaderService   - Loading from cache: /assets/textures/Wanderer.png@80.0x80.0
19:09:15.641 [JavaFX Application Thread] DEBUG AssetLoaderService   - Loading from cache: /assets/textures/wanderer_overlay.png@80.0x80.0
19:09:17.159 [JavaFX Application Thread] DEBUG AssetLoaderService   - Loading from cache: /assets/textures/Wanderer.png@80.0x80.0
19:09:17.160 [JavaFX Application Thread] DEBUG AssetLoaderService   - Loading from cache: /assets/textures/wanderer_overlay.png@80.0x80.0
19:09:17.493 [JavaFX Application Thread] DEBUG GameApplication      - Exiting FXGL
19:09:17.493 [JavaFX Application Thread] DEBUG LoopRunner           - Stopping loop
19:09:17.493 [JavaFX Application Thread] DEBUG SystemBundleService  - Saving FXGL system data
19:09:17.495 [JavaFX Application Thread] DEBUG FileSystemAccess     - Writing to: D:\CodeGym\Module02\casestudy2\system\fxgl.bundle
19:09:17.496 [JavaFX Application Thread] DEBUG GameApplication      - Shutting down background threads
19:09:17.496 [JavaFX Application Thread] DEBUG GameApplication      - Closing logger and exiting JavaFX
